ProxyVerse/app/build/intermediates/manifest_merge_blame_file/debug/manifest-merger-blame-debug-report.txt
1<?xml version="1.0" encoding="utf-8"?>
2<manifest xmlns:android="http://schemas.android.com/apk/res/android"
3    package="com.example.proxyverse"
4    android:versionCode="1"
5    android:versionName="1.0" >
6
7    <uses-sdk
8        android:minSdkVersion="24"
9        android:targetSdkVersion="34" />
10
11    <!-- Required for Nearby Connections -->
12    <uses-permission
12-->src\main\AndroidManifest.xml:6:5-103
13        android:name="android.permission.ACCESS_WIFI_STATE"
13-->src\main\AndroidManifest.xml:6:49-100
14        android:maxSdkVersion="31" />
14-->src\main\AndroidManifest.xml:6:22-48
15    <uses-permission
15-->src\main\AndroidManifest.xml:7:5-103
16        android:name="android.permission.CHANGE_WIFI_STATE"
16-->src\main\AndroidManifest.xml:7:49-100
17        android:maxSdkVersion="31" />
17-->src\main\AndroidManifest.xml:7:22-48
18    <uses-permission
18-->src\main\AndroidManifest.xml:8:5-95
19        android:name="android.permission.BLUETOOTH"
19-->src\main\AndroidManifest.xml:8:49-92
20        android:maxSdkVersion="30" />
20-->src\main\AndroidManifest.xml:8:22-48
21    <uses-permission
21-->src\main\AndroidManifest.xml:9:5-101
22        android:name="android.permission.BLUETOOTH_ADMIN"
22-->src\main\AndroidManifest.xml:9:49-98
23        android:maxSdkVersion="30" />
23-->src\main\AndroidManifest.xml:9:22-48
24    <uses-permission
24-->src\main\AndroidManifest.xml:10:5-108
25        android:name="android.permission.ACCESS_COARSE_LOCATION"
25-->src\main\AndroidManifest.xml:10:49-105
26        android:maxSdkVersion="28" />
26-->src\main\AndroidManifest.xml:10:22-48
27    <uses-permission
27-->src\main\AndroidManifest.xml:11:5-133
28        android:name="android.permission.ACCESS_FINE_LOCATION"
28-->src\main\AndroidManifest.xml:11:76-130
29        android:maxSdkVersion="31"
29-->src\main\AndroidManifest.xml:11:49-75
30        android:minSdkVersion="29" />
30-->src\main\AndroidManifest.xml:11:22-48
31    <uses-permission
31-->src\main\AndroidManifest.xml:12:5-105
32        android:name="android.permission.BLUETOOTH_ADVERTISE"
32-->src\main\AndroidManifest.xml:12:49-102
33        android:minSdkVersion="31" />
33-->src\main\AndroidManifest.xml:12:22-48
34    <uses-permission
34-->src\main\AndroidManifest.xml:13:5-103
35        android:name="android.permission.BLUETOOTH_CONNECT"
35-->src\main\AndroidManifest.xml:13:49-100
36        android:minSdkVersion="31" />
36-->src\main\AndroidManifest.xml:13:22-48
37    <uses-permission
37-->src\main\AndroidManifest.xml:14:5-100
38        android:name="android.permission.BLUETOOTH_SCAN"
38-->src\main\AndroidManifest.xml:14:49-97
39        android:minSdkVersion="31" />
39-->src\main\AndroidManifest.xml:14:22-48
40    <uses-permission
40-->src\main\AndroidManifest.xml:15:5-105
41        android:name="android.permission.NEARBY_WIFI_DEVICES"
41-->src\main\AndroidManifest.xml:15:49-102
42        android:minSdkVersion="32" />
42-->src\main\AndroidManifest.xml:15:22-48
43    <uses-permission android:name="android.permission.ACCESS_NETWORK_STATE" />
43-->[com.google.android.gms:play-services-nearby:19.1.0] AndroidManifest.xml:7:5-79
43-->[com.google.android.gms:play-services-nearby:19.1.0] AndroidManifest.xml:7:22-76
44
45    <permission
45-->[androidx.core:core:1.9.0] AndroidManifest.xml:22:5-24:47
46        android:name="com.example.proxyverse.DYNAMIC_RECEIVER_NOT_EXPORTED_PERMISSION"
46-->[androidx.core:core:1.9.0] AndroidManifest.xml:23:9-81
47        android:protectionLevel="signature" />
47-->[androidx.core:core:1.9.0] AndroidManifest.xml:24:9-44
48
49    <uses-permission android:name="com.example.proxyverse.DYNAMIC_RECEIVER_NOT_EXPORTED_PERMISSION" />
49-->[androidx.core:core:1.9.0] AndroidManifest.xml:26:5-97
49-->[androidx.core:core:1.9.0] AndroidManifest.xml:26:22-94
50
51    <application
51-->src\main\AndroidManifest.xml:17:5-38:19
52        android:allowBackup="true"
52-->src\main\AndroidManifest.xml:18:9-35
53        android:appComponentFactory="androidx.core.app.CoreComponentFactory"
53-->[androidx.core:core:1.9.0] AndroidManifest.xml:28:18-86
54        android:dataExtractionRules="@xml/data_extraction_rules"
54-->src\main\AndroidManifest.xml:19:9-65
55        android:debuggable="true"
56        android:extractNativeLibs="false"
57        android:fullBackupContent="@xml/backup_rules"
57-->src\main\AndroidManifest.xml:20:9-54
58        android:icon="@mipmap/ic_launcher"
58-->src\main\AndroidManifest.xml:21:9-43
59        android:label="@string/app_name"
59-->src\main\AndroidManifest.xml:22:9-41
60        android:roundIcon="@mipmap/ic_launcher_round"
60-->src\main\AndroidManifest.xml:23:9-54
61        android:supportsRtl="true"
61-->src\main\AndroidManifest.xml:24:9-35
62        android:theme="@style/Theme.ProxyVerse" >
62-->src\main\AndroidManifest.xml:25:9-48
63        <activity
63-->src\main\AndroidManifest.xml:27:9-37:20
64            android:name="com.example.proxyverse.MainActivity"
64-->src\main\AndroidManifest.xml:28:13-41
65            android:exported="true"
65-->src\main\AndroidManifest.xml:29:13-36
66            android:label="@string/app_name"
66-->src\main\AndroidManifest.xml:30:13-45
67            android:theme="@style/Theme.ProxyVerse" >
67-->src\main\AndroidManifest.xml:31:13-52
68            <intent-filter>
68-->src\main\AndroidManifest.xml:32:13-36:29
69                <action android:name="android.intent.action.MAIN" />
69-->src\main\AndroidManifest.xml:33:17-69
69-->src\main\AndroidManifest.xml:33:25-66
70
71                <category android:name="android.intent.category.LAUNCHER" />
71-->src\main\AndroidManifest.xml:35:17-77
71-->src\main\AndroidManifest.xml:35:27-74
72            </intent-filter>
73        </activity>
74
75        <service
75-->[com.google.android.gms:play-services-nearby:19.1.0] AndroidManifest.xml:10:9-13:105
76            android:name="com.google.android.gms.nearby.exposurenotification.WakeUpService"
76-->[com.google.android.gms:play-services-nearby:19.1.0] AndroidManifest.xml:11:13-92
77            android:exported="true"
77-->[com.google.android.gms:play-services-nearby:19.1.0] AndroidManifest.xml:12:13-36
78            android:permission="com.google.android.gms.nearby.exposurenotification.EXPOSURE_CALLBACK" />
78-->[com.google.android.gms:play-services-nearby:19.1.0] AndroidManifest.xml:13:13-102
79
80        <activity
80-->[com.google.android.gms:play-services-base:18.1.0] AndroidManifest.xml:20:9-22:45
81            android:name="com.google.android.gms.common.api.GoogleApiActivity"
81-->[com.google.android.gms:play-services-base:18.1.0] AndroidManifest.xml:20:19-85
82            android:exported="false"
82-->[com.google.android.gms:play-services-base:18.1.0] AndroidManifest.xml:22:19-43
83            android:theme="@android:style/Theme.Translucent.NoTitleBar" />
83-->[com.google.android.gms:play-services-base:18.1.0] AndroidManifest.xml:21:19-78
84
85        <meta-data
85-->[com.google.android.gms:play-services-basement:18.1.0] AndroidManifest.xml:21:9-23:69
86            android:name="com.google.android.gms.version"
86-->[com.google.android.gms:play-services-basement:18.1.0] AndroidManifest.xml:22:13-58
87            android:value="@integer/google_play_services_version" />
87-->[com.google.android.gms:play-services-basement:18.1.0] AndroidManifest.xml:23:13-66
88
89        <provider
89-->[androidx.emoji2:emoji2:1.2.0] AndroidManifest.xml:24:9-32:20
90            android:name="androidx.startup.InitializationProvider"
90-->[androidx.emoji2:emoji2:1.2.0] AndroidManifest.xml:25:13-67
91            android:authorities="com.example.proxyverse.androidx-startup"
91-->[androidx.emoji2:emoji2:1.2.0] AndroidManifest.xml:26:13-68
92            android:exported="false" >
92-->[androidx.emoji2:emoji2:1.2.0] AndroidManifest.xml:27:13-37
93            <meta-data
93-->[androidx.emoji2:emoji2:1.2.0] AndroidManifest.xml:29:13-31:52
94                android:name="androidx.emoji2.text.EmojiCompatInitializer"
94-->[androidx.emoji2:emoji2:1.2.0] AndroidManifest.xml:30:17-75
95                android:value="androidx.startup" />
95-->[androidx.emoji2:emoji2:1.2.0] AndroidManifest.xml:31:17-49
96            <meta-data
96-->[androidx.lifecycle:lifecycle-process:2.6.2] AndroidManifest.xml:29:13-31:52
97                android:name="androidx.lifecycle.ProcessLifecycleInitializer"
97-->[androidx.lifecycle:lifecycle-process:2.6.2] AndroidManifest.xml:30:17-78
98                android:value="androidx.startup" />
98-->[androidx.lifecycle:lifecycle-process:2.6.2] AndroidManifest.xml:31:17-49
99            <meta-data
99-->[androidx.profileinstaller:profileinstaller:1.3.0] AndroidManifest.xml:29:13-31:52
100                android:name="androidx.profileinstaller.ProfileInstallerInitializer"
100-->[androidx.profileinstaller:profileinstaller:1.3.0] AndroidManifest.xml:30:17-85
101                android:value="androidx.startup" />
101-->[androidx.profileinstaller:profileinstaller:1.3.0] AndroidManifest.xml:31:17-49
102        </provider>
103
104        <uses-library
104-->[androidx.window:window:1.0.0] AndroidManifest.xml:25:9-27:40
105            android:name="androidx.window.extensions"
105-->[androidx.window:window:1.0.0] AndroidManifest.xml:26:13-54
106            android:required="false" />
106-->[androidx.window:window:1.0.0] AndroidManifest.xml:27:13-37
107        <uses-library
107-->[androidx.window:window:1.0.0] AndroidManifest.xml:28:9-30:40
108            android:name="androidx.window.sidecar"
108-->[androidx.window:window:1.0.0] AndroidManifest.xml:29:13-51
109            android:required="false" />
109-->[androidx.window:window:1.0.0] AndroidManifest.xml:30:13-37
110
111        <receiver
111-->[androidx.profileinstaller:profileinstaller:1.3.0] AndroidManifest.xml:34:9-52:20
112            android:name="androidx.profileinstaller.ProfileInstallReceiver"
112-->[androidx.profileinstaller:profileinstaller:1.3.0] AndroidManifest.xml:35:13-76
113            android:directBootAware="false"
113-->[androidx.profileinstaller:profileinstaller:1.3.0] AndroidManifest.xml:36:13-44
114            android:enabled="true"
114-->[androidx.profileinstaller:profileinstaller:1.3.0] AndroidManifest.xml:37:13-35
115            android:exported="true"
115-->[androidx.profileinstaller:profileinstaller:1.3.0] AndroidManifest.xml:38:13-36
116            android:permission="android.permission.DUMP" >
116-->[androidx.profileinstaller:profileinstaller:1.3.0] AndroidManifest.xml:39:13-57
117            <intent-filter>
117-->[androidx.profileinstaller:profileinstaller:1.3.0] AndroidManifest.xml:40:13-42:29
118                <action android:name="androidx.profileinstaller.action.INSTALL_PROFILE" />
118-->[androidx.profileinstaller:profileinstaller:1.3.0] AndroidManifest.xml:41:17-91
118-->[androidx.profileinstaller:profileinstaller:1.3.0] AndroidManifest.xml:41:25-88
119            </intent-filter>
120            <intent-filter>
120-->[androidx.profileinstaller:profileinstaller:1.3.0] AndroidManifest.xml:43:13-45:29
121                <action android:name="androidx.profileinstaller.action.SKIP_FILE" />
121-->[androidx.profileinstaller:profileinstaller:1.3.0] AndroidManifest.xml:44:17-85
121-->[androidx.profileinstaller:profileinstaller:1.3.0] AndroidManifest.xml:44:25-82
122            </intent-filter>
123            <intent-filter>
123-->[androidx.profileinstaller:profileinstaller:1.3.0] AndroidManifest.xml:46:13-48:29
124                <action android:name="androidx.profileinstaller.action.SAVE_PROFILE" />
124-->[androidx.profileinstaller:profileinstaller:1.3.0] AndroidManifest.xml:47:17-88
124-->[androidx.profileinstaller:profileinstaller:1.3.0] AndroidManifest.xml:47:25-85
125            </intent-filter>
126            <intent-filter>
126-->[androidx.profileinstaller:profileinstaller:1.3.0] AndroidManifest.xml:49:13-51:29
127                <action android:name="androidx.profileinstaller.action.BENCHMARK_OPERATION" />
127-->[androidx.profileinstaller:profileinstaller:1.3.0] AndroidManifest.xml:50:17-95
127-->[androidx.profileinstaller:profileinstaller:1.3.0] AndroidManifest.xml:50:25-92
128            </intent-filter>
129        </receiver>
130    </application>
131
132</manifest>